[0.341s] Invoking command in '/ros2_for_begginers/ros2_ws/src/my_py_pkg': PYTHONPATH=/ros2_for_begginers/ros2_ws/build/my_py_pkg/prefix_override:/usr/lib/python3/dist-packages/colcon_core/task/python/colcon_distutils_commands:/ros2_for_begginers/ros2_ws/install/my_py_pkg/lib/python3.12/site-packages:${PYTHONPATH} /usr/bin/python3 -W ignore:setup.py install is deprecated -W ignore:easy_install command is deprecated setup.py egg_info --egg-base ../../build/my_py_pkg build --build-base /ros2_for_begginers/ros2_ws/build/my_py_pkg/build install --record /ros2_for_begginers/ros2_ws/build/my_py_pkg/install.log --single-version-externally-managed install_data
[0.448s] running egg_info
[0.453s] writing ../../build/my_py_pkg/my_py_pkg.egg-info/PKG-INFO
[0.453s] writing dependency_links to ../../build/my_py_pkg/my_py_pkg.egg-info/dependency_links.txt
[0.453s] writing entry points to ../../build/my_py_pkg/my_py_pkg.egg-info/entry_points.txt
[0.453s] writing requirements to ../../build/my_py_pkg/my_py_pkg.egg-info/requires.txt
[0.454s] writing top-level names to ../../build/my_py_pkg/my_py_pkg.egg-info/top_level.txt
[0.465s] reading manifest file '../../build/my_py_pkg/my_py_pkg.egg-info/SOURCES.txt'
[0.466s] writing manifest file '../../build/my_py_pkg/my_py_pkg.egg-info/SOURCES.txt'
[0.466s] running build
[0.466s] running build_py
[0.466s] running install
[0.468s] running install_lib
[0.474s] running install_data
[0.474s] running install_egg_info
[0.480s] removing '/ros2_for_begginers/ros2_ws/install/my_py_pkg/lib/python3.12/site-packages/my_py_pkg-0.0.0-py3.12.egg-info' (and everything under it)
[0.480s] Copying ../../build/my_py_pkg/my_py_pkg.egg-info to /ros2_for_begginers/ros2_ws/install/my_py_pkg/lib/python3.12/site-packages/my_py_pkg-0.0.0-py3.12.egg-info
[0.481s] running install_scripts
[0.524s] Installing py_node script to /ros2_for_begginers/ros2_ws/install/my_py_pkg/lib/my_py_pkg
[0.524s] writing list of installed files to '/ros2_for_begginers/ros2_ws/build/my_py_pkg/install.log'
[0.537s] Invoked command in '/ros2_for_begginers/ros2_ws/src/my_py_pkg' returned '0': PYTHONPATH=/ros2_for_begginers/ros2_ws/build/my_py_pkg/prefix_override:/usr/lib/python3/dist-packages/colcon_core/task/python/colcon_distutils_commands:/ros2_for_begginers/ros2_ws/install/my_py_pkg/lib/python3.12/site-packages:${PYTHONPATH} /usr/bin/python3 -W ignore:setup.py install is deprecated -W ignore:easy_install command is deprecated setup.py egg_info --egg-base ../../build/my_py_pkg build --build-base /ros2_for_begginers/ros2_ws/build/my_py_pkg/build install --record /ros2_for_begginers/ros2_ws/build/my_py_pkg/install.log --single-version-externally-managed install_data
