[0.010s] Invoking command in '/ros2_for_begginers/ros2_ws/build/my_cpp_pkg': CMAKE_PREFIX_PATH=${CMAKE_PREFIX_PATH}:/ros2_for_begginers/ros2_ws/install/my_py_pkg:/opt/ros/jazzy /usr/bin/cmake /ros2_for_begginers/ros2_ws/src/my_cpp_pkg -DCMAKE_EXPORT_COMPILE_COMMANDS=ON -DCMAKE_INSTALL_PREFIX=/ros2_for_begginers/ros2_ws/install/my_cpp_pkg
[0.023s] -- Found ament_cmake: 2.5.4 (/opt/ros/jazzy/share/ament_cmake/cmake)
[0.157s] -- Found rclcpp: 28.1.12 (/opt/ros/jazzy/share/rclcpp/cmake)
[0.175s] -- Found rosidl_generator_c: 4.6.6 (/opt/ros/jazzy/share/rosidl_generator_c/cmake)
[0.181s] -- Found rosidl_generator_cpp: 4.6.6 (/opt/ros/jazzy/share/rosidl_generator_cpp/cmake)
[0.188s] -- Using all available rosidl_typesupport_c: rosidl_typesupport_fastrtps_c;rosidl_typesupport_introspection_c
[0.195s] -- Using all available rosidl_typesupport_cpp: rosidl_typesupport_fastrtps_cpp;rosidl_typesupport_introspection_cpp
[0.228s] -- Found rmw_implementation_cmake: 7.3.2 (/opt/ros/jazzy/share/rmw_implementation_cmake/cmake)
[0.229s] -- Found rmw_fastrtps_cpp: 8.4.3 (/opt/ros/jazzy/share/rmw_fastrtps_cpp/cmake)
[0.269s] -- Using RMW implementation 'rmw_fastrtps_cpp' as default
[0.363s] -- Configuring done (0.3s)
[0.368s] -- Generating done (0.0s)
[0.370s] -- Build files have been written to: /ros2_for_begginers/ros2_ws/build/my_cpp_pkg
[0.374s] Invoked command in '/ros2_for_begginers/ros2_ws/build/my_cpp_pkg' returned '0': CMAKE_PREFIX_PATH=${CMAKE_PREFIX_PATH}:/ros2_for_begginers/ros2_ws/install/my_py_pkg:/opt/ros/jazzy /usr/bin/cmake /ros2_for_begginers/ros2_ws/src/my_cpp_pkg -DCMAKE_EXPORT_COMPILE_COMMANDS=ON -DCMAKE_INSTALL_PREFIX=/ros2_for_begginers/ros2_ws/install/my_cpp_pkg
[0.374s] Invoking command in '/ros2_for_begginers/ros2_ws/build/my_cpp_pkg': CMAKE_PREFIX_PATH=${CMAKE_PREFIX_PATH}:/ros2_for_begginers/ros2_ws/install/my_py_pkg:/opt/ros/jazzy /usr/bin/cmake --build /ros2_for_begginers/ros2_ws/build/my_cpp_pkg -- -j20 -l20
[0.407s] [100%] Built target cpp_node
[0.413s] Invoked command in '/ros2_for_begginers/ros2_ws/build/my_cpp_pkg' returned '0': CMAKE_PREFIX_PATH=${CMAKE_PREFIX_PATH}:/ros2_for_begginers/ros2_ws/install/my_py_pkg:/opt/ros/jazzy /usr/bin/cmake --build /ros2_for_begginers/ros2_ws/build/my_cpp_pkg -- -j20 -l20
[0.418s] Invoking command in '/ros2_for_begginers/ros2_ws/build/my_cpp_pkg': CMAKE_PREFIX_PATH=${CMAKE_PREFIX_PATH}:/ros2_for_begginers/ros2_ws/install/my_py_pkg:/opt/ros/jazzy /usr/bin/cmake --install /ros2_for_begginers/ros2_ws/build/my_cpp_pkg
[0.422s] -- Install configuration: ""
[0.422s] -- Up-to-date: /ros2_for_begginers/ros2_ws/install/my_cpp_pkg/lib/my_cpp_pkg/cpp_node
[0.422s] -- Up-to-date: /ros2_for_begginers/ros2_ws/install/my_cpp_pkg/share/ament_index/resource_index/package_run_dependencies/my_cpp_pkg
[0.422s] -- Installing: /ros2_for_begginers/ros2_ws/install/my_cpp_pkg/share/ament_index/resource_index/parent_prefix_path/my_cpp_pkg
[0.422s] -- Up-to-date: /ros2_for_begginers/ros2_ws/install/my_cpp_pkg/share/my_cpp_pkg/environment/ament_prefix_path.sh
[0.423s] -- Up-to-date: /ros2_for_begginers/ros2_ws/install/my_cpp_pkg/share/my_cpp_pkg/environment/ament_prefix_path.dsv
[0.423s] -- Up-to-date: /ros2_for_begginers/ros2_ws/install/my_cpp_pkg/share/my_cpp_pkg/environment/path.sh
[0.423s] -- Up-to-date: /ros2_for_begginers/ros2_ws/install/my_cpp_pkg/share/my_cpp_pkg/environment/path.dsv
[0.423s] -- Up-to-date: /ros2_for_begginers/ros2_ws/install/my_cpp_pkg/share/my_cpp_pkg/local_setup.bash
[0.423s] -- Up-to-date: /ros2_for_begginers/ros2_ws/install/my_cpp_pkg/share/my_cpp_pkg/local_setup.sh
[0.423s] -- Up-to-date: /ros2_for_begginers/ros2_ws/install/my_cpp_pkg/share/my_cpp_pkg/local_setup.zsh
[0.423s] -- Up-to-date: /ros2_for_begginers/ros2_ws/install/my_cpp_pkg/share/my_cpp_pkg/local_setup.dsv
[0.423s] -- Installing: /ros2_for_begginers/ros2_ws/install/my_cpp_pkg/share/my_cpp_pkg/package.dsv
[0.423s] -- Up-to-date: /ros2_for_begginers/ros2_ws/install/my_cpp_pkg/share/ament_index/resource_index/packages/my_cpp_pkg
[0.423s] -- Up-to-date: /ros2_for_begginers/ros2_ws/install/my_cpp_pkg/share/my_cpp_pkg/cmake/my_cpp_pkgConfig.cmake
[0.423s] -- Up-to-date: /ros2_for_begginers/ros2_ws/install/my_cpp_pkg/share/my_cpp_pkg/cmake/my_cpp_pkgConfig-version.cmake
[0.423s] -- Up-to-date: /ros2_for_begginers/ros2_ws/install/my_cpp_pkg/share/my_cpp_pkg/package.xml
[0.424s] Invoked command in '/ros2_for_begginers/ros2_ws/build/my_cpp_pkg' returned '0': CMAKE_PREFIX_PATH=${CMAKE_PREFIX_PATH}:/ros2_for_begginers/ros2_ws/install/my_py_pkg:/opt/ros/jazzy /usr/bin/cmake --install /ros2_for_begginers/ros2_ws/build/my_cpp_pkg
