[0.321s] Invoking command in '/ros2_for_begginers/ros2_ws/build/my_py_pkg': PYTHONPATH=/ros2_for_begginers/ros2_ws/build/my_py_pkg/prefix_override:/usr/lib/python3/dist-packages/colcon_core/task/python/colcon_distutils_commands:/ros2_for_begginers/ros2_ws/install/my_py_pkg/lib/python3.12/site-packages:${PYTHONPATH} /usr/bin/python3 -W ignore:setup.py install is deprecated -W ignore:easy_install command is deprecated setup.py develop --editable --build-directory /ros2_for_begginers/ros2_ws/build/my_py_pkg/build --no-deps symlink_data --force
[0.450s] running develop
[0.507s] running egg_info
[0.513s] writing my_py_pkg.egg-info/PKG-INFO
[0.513s] writing dependency_links to my_py_pkg.egg-info/dependency_links.txt
[0.514s] writing entry points to my_py_pkg.egg-info/entry_points.txt
[0.514s] writing requirements to my_py_pkg.egg-info/requires.txt
[0.514s] writing top-level names to my_py_pkg.egg-info/top_level.txt
[0.525s] reading manifest file 'my_py_pkg.egg-info/SOURCES.txt'
[0.525s] writing manifest file 'my_py_pkg.egg-info/SOURCES.txt'
[0.531s] running build_ext
[0.531s] Creating /ros2_for_begginers/ros2_ws/install/my_py_pkg/lib/python3.12/site-packages/my-py-pkg.egg-link (link to .)
[0.532s] Installing py_node script to /ros2_for_begginers/ros2_ws/install/my_py_pkg/lib/my_py_pkg
[0.532s] Installing robot_news_station script to /ros2_for_begginers/ros2_ws/install/my_py_pkg/lib/my_py_pkg
[0.532s] Installing smartphone script to /ros2_for_begginers/ros2_ws/install/my_py_pkg/lib/my_py_pkg
[0.532s] 
[0.532s] Installed /ros2_for_begginers/ros2_ws/build/my_py_pkg
[0.533s] running symlink_data
[0.533s] symbolically linking /ros2_for_begginers/ros2_ws/build/my_py_pkg/resource/my_py_pkg -> /ros2_for_begginers/ros2_ws/install/my_py_pkg/share/ament_index/resource_index/packages
[0.533s] symbolically linking /ros2_for_begginers/ros2_ws/build/my_py_pkg/package.xml -> /ros2_for_begginers/ros2_ws/install/my_py_pkg/share/my_py_pkg
[0.547s] Invoked command in '/ros2_for_begginers/ros2_ws/build/my_py_pkg' returned '0': PYTHONPATH=/ros2_for_begginers/ros2_ws/build/my_py_pkg/prefix_override:/usr/lib/python3/dist-packages/colcon_core/task/python/colcon_distutils_commands:/ros2_for_begginers/ros2_ws/install/my_py_pkg/lib/python3.12/site-packages:${PYTHONPATH} /usr/bin/python3 -W ignore:setup.py install is deprecated -W ignore:easy_install command is deprecated setup.py develop --editable --build-directory /ros2_for_begginers/ros2_ws/build/my_py_pkg/build --no-deps symlink_data --force
