[0.006s] Invoking command in '/ros2_for_begginers/ros2_ws/build/my_cpp_pkg': CMAKE_PREFIX_PATH=${CMAKE_PREFIX_PATH}:/opt/ros/jazzy /usr/bin/cmake --build /ros2_for_begginers/ros2_ws/build/my_cpp_pkg -- -j20 -l20
[0.043s] [ 50%] [32mBuilding CXX object CMakeFiles/cpp_node.dir/src/my_first_node.cpp.o[0m
[1.312s] [100%] [32m[1mLinking CXX executable cpp_node[0m
[1.386s] [100%] Built target cpp_node
[1.393s] Invoked command in '/ros2_for_begginers/ros2_ws/build/my_cpp_pkg' returned '0': CMAKE_PREFIX_PATH=${CMAKE_PREFIX_PATH}:/opt/ros/jazzy /usr/bin/cmake --build /ros2_for_begginers/ros2_ws/build/my_cpp_pkg -- -j20 -l20
[1.399s] Invoking command in '/ros2_for_begginers/ros2_ws/build/my_cpp_pkg': CMAKE_PREFIX_PATH=${CMAKE_PREFIX_PATH}:/opt/ros/jazzy /usr/bin/cmake --install /ros2_for_begginers/ros2_ws/build/my_cpp_pkg
[1.403s] -- Install configuration: ""
[1.403s] -- Installing: /ros2_for_begginers/ros2_ws/install/my_cpp_pkg/lib/my_cpp_pkg/cpp_node
[1.403s] -- Set non-toolchain portion of runtime path of "/ros2_for_begginers/ros2_ws/install/my_cpp_pkg/lib/my_cpp_pkg/cpp_node" to ""
[1.403s] -- Up-to-date: /ros2_for_begginers/ros2_ws/install/my_cpp_pkg/share/ament_index/resource_index/package_run_dependencies/my_cpp_pkg
[1.403s] -- Up-to-date: /ros2_for_begginers/ros2_ws/install/my_cpp_pkg/share/ament_index/resource_index/parent_prefix_path/my_cpp_pkg
[1.403s] -- Up-to-date: /ros2_for_begginers/ros2_ws/install/my_cpp_pkg/share/my_cpp_pkg/environment/ament_prefix_path.sh
[1.403s] -- Up-to-date: /ros2_for_begginers/ros2_ws/install/my_cpp_pkg/share/my_cpp_pkg/environment/ament_prefix_path.dsv
[1.403s] -- Up-to-date: /ros2_for_begginers/ros2_ws/install/my_cpp_pkg/share/my_cpp_pkg/environment/path.sh
[1.403s] -- Up-to-date: /ros2_for_begginers/ros2_ws/install/my_cpp_pkg/share/my_cpp_pkg/environment/path.dsv
[1.403s] -- Up-to-date: /ros2_for_begginers/ros2_ws/install/my_cpp_pkg/share/my_cpp_pkg/local_setup.bash
[1.403s] -- Up-to-date: /ros2_for_begginers/ros2_ws/install/my_cpp_pkg/share/my_cpp_pkg/local_setup.sh
[1.403s] -- Up-to-date: /ros2_for_begginers/ros2_ws/install/my_cpp_pkg/share/my_cpp_pkg/local_setup.zsh
[1.404s] -- Up-to-date: /ros2_for_begginers/ros2_ws/install/my_cpp_pkg/share/my_cpp_pkg/local_setup.dsv
[1.404s] -- Installing: /ros2_for_begginers/ros2_ws/install/my_cpp_pkg/share/my_cpp_pkg/package.dsv
[1.404s] -- Up-to-date: /ros2_for_begginers/ros2_ws/install/my_cpp_pkg/share/ament_index/resource_index/packages/my_cpp_pkg
[1.404s] -- Up-to-date: /ros2_for_begginers/ros2_ws/install/my_cpp_pkg/share/my_cpp_pkg/cmake/my_cpp_pkgConfig.cmake
[1.404s] -- Up-to-date: /ros2_for_begginers/ros2_ws/install/my_cpp_pkg/share/my_cpp_pkg/cmake/my_cpp_pkgConfig-version.cmake
[1.404s] -- Up-to-date: /ros2_for_begginers/ros2_ws/install/my_cpp_pkg/share/my_cpp_pkg/package.xml
[1.405s] Invoked command in '/ros2_for_begginers/ros2_ws/build/my_cpp_pkg' returned '0': CMAKE_PREFIX_PATH=${CMAKE_PREFIX_PATH}:/opt/ros/jazzy /usr/bin/cmake --install /ros2_for_begginers/ros2_ws/build/my_cpp_pkg
