[0.006s] Invoking command in '/ros2_for_begginers/ros2_ws/build/my_cpp_pkg': CMAKE_PREFIX_PATH=${CMAKE_PREFIX_PATH}:/opt/ros/jazzy /usr/bin/cmake /ros2_for_begginers/ros2_ws/src/my_cpp_pkg -DCMAKE_INSTALL_PREFIX=/ros2_for_begginers/ros2_ws/install/my_cpp_pkg
[0.083s] -- The C compiler identification is GNU 13.3.0
[0.128s] -- The CXX compiler identification is GNU 13.3.0
[0.138s] -- Detecting C compiler ABI info
[0.187s] -- Detecting C compiler ABI info - done
[0.193s] -- Check for working C compiler: /usr/bin/cc - skipped
[0.193s] -- Detecting C compile features
[0.193s] -- Detecting C compile features - done
[0.199s] -- Detecting CXX compiler ABI info
[0.256s] -- Detecting CXX compiler ABI info - done
[0.261s] -- Check for working CXX compiler: /usr/bin/c++ - skipped
[0.261s] -- Detecting CXX compile features
[0.261s] -- Detecting CXX compile features - done
[0.264s] -- Found ament_cmake: 2.5.4 (/opt/ros/jazzy/share/ament_cmake/cmake)
[0.346s] -- Found Python3: /usr/bin/python3 (found version "3.12.3") found components: Interpreter 
[0.414s] -- Found rclcpp: 28.1.12 (/opt/ros/jazzy/share/rclcpp/cmake)
[0.444s] -- Found rosidl_generator_c: 4.6.6 (/opt/ros/jazzy/share/rosidl_generator_c/cmake)
[0.453s] -- Found rosidl_generator_cpp: 4.6.6 (/opt/ros/jazzy/share/rosidl_generator_cpp/cmake)
[0.465s] -- Using all available rosidl_typesupport_c: rosidl_typesupport_fastrtps_c;rosidl_typesupport_introspection_c
[0.478s] -- Using all available rosidl_typesupport_cpp: rosidl_typesupport_fastrtps_cpp;rosidl_typesupport_introspection_cpp
[0.527s] -- Found rmw_implementation_cmake: 7.3.2 (/opt/ros/jazzy/share/rmw_implementation_cmake/cmake)
[0.529s] -- Found rmw_fastrtps_cpp: 8.4.3 (/opt/ros/jazzy/share/rmw_fastrtps_cpp/cmake)
[0.579s] -- Found OpenSSL: /usr/lib/x86_64-linux-gnu/libcrypto.so (found version "3.0.13")  
[0.590s] -- Found FastRTPS: /opt/ros/jazzy/include (Required is at least version "2.13") 
[0.603s] -- Using RMW implementation 'rmw_fastrtps_cpp' as default
[0.643s] -- Found ament_lint_auto: 0.17.3 (/opt/ros/jazzy/share/ament_lint_auto/cmake)
[0.706s] -- Added test 'lint_cmake' to check CMake code style
[0.707s] -- Added test 'xmllint' to check XML markup files
[0.707s] -- Configuring done (0.7s)
[0.710s] -- Generating done (0.0s)
[0.711s] -- Build files have been written to: /ros2_for_begginers/ros2_ws/build/my_cpp_pkg
[0.716s] Invoked command in '/ros2_for_begginers/ros2_ws/build/my_cpp_pkg' returned '0': CMAKE_PREFIX_PATH=${CMAKE_PREFIX_PATH}:/opt/ros/jazzy /usr/bin/cmake /ros2_for_begginers/ros2_ws/src/my_cpp_pkg -DCMAKE_INSTALL_PREFIX=/ros2_for_begginers/ros2_ws/install/my_cpp_pkg
[0.716s] Invoking command in '/ros2_for_begginers/ros2_ws/build/my_cpp_pkg': CMAKE_PREFIX_PATH=${CMAKE_PREFIX_PATH}:/opt/ros/jazzy /usr/bin/cmake --build /ros2_for_begginers/ros2_ws/build/my_cpp_pkg -- -j20 -l20
[0.740s] Invoked command in '/ros2_for_begginers/ros2_ws/build/my_cpp_pkg' returned '0': CMAKE_PREFIX_PATH=${CMAKE_PREFIX_PATH}:/opt/ros/jazzy /usr/bin/cmake --build /ros2_for_begginers/ros2_ws/build/my_cpp_pkg -- -j20 -l20
[0.745s] Invoking command in '/ros2_for_begginers/ros2_ws/build/my_cpp_pkg': CMAKE_PREFIX_PATH=${CMAKE_PREFIX_PATH}:/opt/ros/jazzy /usr/bin/cmake --install /ros2_for_begginers/ros2_ws/build/my_cpp_pkg
[0.749s] -- Install configuration: ""
[0.749s] -- Installing: /ros2_for_begginers/ros2_ws/install/my_cpp_pkg/share/ament_index/resource_index/package_run_dependencies/my_cpp_pkg
[0.749s] -- Installing: /ros2_for_begginers/ros2_ws/install/my_cpp_pkg/share/ament_index/resource_index/parent_prefix_path/my_cpp_pkg
[0.750s] -- Installing: /ros2_for_begginers/ros2_ws/install/my_cpp_pkg/share/my_cpp_pkg/environment/ament_prefix_path.sh
[0.750s] -- Installing: /ros2_for_begginers/ros2_ws/install/my_cpp_pkg/share/my_cpp_pkg/environment/ament_prefix_path.dsv
[0.750s] -- Installing: /ros2_for_begginers/ros2_ws/install/my_cpp_pkg/share/my_cpp_pkg/environment/path.sh
[0.750s] -- Installing: /ros2_for_begginers/ros2_ws/install/my_cpp_pkg/share/my_cpp_pkg/environment/path.dsv
[0.750s] -- Installing: /ros2_for_begginers/ros2_ws/install/my_cpp_pkg/share/my_cpp_pkg/local_setup.bash
[0.750s] -- Installing: /ros2_for_begginers/ros2_ws/install/my_cpp_pkg/share/my_cpp_pkg/local_setup.sh
[0.750s] -- Installing: /ros2_for_begginers/ros2_ws/install/my_cpp_pkg/share/my_cpp_pkg/local_setup.zsh
[0.750s] -- Installing: /ros2_for_begginers/ros2_ws/install/my_cpp_pkg/share/my_cpp_pkg/local_setup.dsv
[0.750s] -- Installing: /ros2_for_begginers/ros2_ws/install/my_cpp_pkg/share/my_cpp_pkg/package.dsv
[0.750s] -- Installing: /ros2_for_begginers/ros2_ws/install/my_cpp_pkg/share/ament_index/resource_index/packages/my_cpp_pkg
[0.750s] -- Installing: /ros2_for_begginers/ros2_ws/install/my_cpp_pkg/share/my_cpp_pkg/cmake/my_cpp_pkgConfig.cmake
[0.750s] -- Installing: /ros2_for_begginers/ros2_ws/install/my_cpp_pkg/share/my_cpp_pkg/cmake/my_cpp_pkgConfig-version.cmake
[0.750s] -- Installing: /ros2_for_begginers/ros2_ws/install/my_cpp_pkg/share/my_cpp_pkg/package.xml
[0.752s] Invoked command in '/ros2_for_begginers/ros2_ws/build/my_cpp_pkg' returned '0': CMAKE_PREFIX_PATH=${CMAKE_PREFIX_PATH}:/opt/ros/jazzy /usr/bin/cmake --install /ros2_for_begginers/ros2_ws/build/my_cpp_pkg
