[0.675s] Invoking command in '/ros2_for_begginers/ros2_ws/src/my_py_pkg': PYTHONPATH=/ros2_for_begginers/ros2_ws/build/my_py_pkg/prefix_override:/usr/lib/python3/dist-packages/colcon_core/task/python/colcon_distutils_commands:/ros2_for_begginers/ros2_ws/install/my_py_pkg/lib/python3.12/site-packages:${PYTHONPATH} /usr/bin/python3 -W ignore:setup.py install is deprecated -W ignore:easy_install command is deprecated setup.py egg_info --egg-base ../../build/my_py_pkg build --build-base /ros2_for_begginers/ros2_ws/build/my_py_pkg/build install --record /ros2_for_begginers/ros2_ws/build/my_py_pkg/install.log --single-version-externally-managed install_data
[0.897s] running egg_info
[0.910s] writing ../../build/my_py_pkg/my_py_pkg.egg-info/PKG-INFO
[0.910s] writing dependency_links to ../../build/my_py_pkg/my_py_pkg.egg-info/dependency_links.txt
[0.911s] writing entry points to ../../build/my_py_pkg/my_py_pkg.egg-info/entry_points.txt
[0.911s] writing requirements to ../../build/my_py_pkg/my_py_pkg.egg-info/requires.txt
[0.911s] writing top-level names to ../../build/my_py_pkg/my_py_pkg.egg-info/top_level.txt
[0.938s] reading manifest file '../../build/my_py_pkg/my_py_pkg.egg-info/SOURCES.txt'
[0.939s] writing manifest file '../../build/my_py_pkg/my_py_pkg.egg-info/SOURCES.txt'
[0.939s] running build
[0.940s] running build_py
[0.940s] copying my_py_pkg/my_first_node.py -> /ros2_for_begginers/ros2_ws/build/my_py_pkg/build/lib/my_py_pkg
[0.940s] running install
[0.946s] running install_lib
[0.960s] copying /ros2_for_begginers/ros2_ws/build/my_py_pkg/build/lib/my_py_pkg/my_first_node.py -> /ros2_for_begginers/ros2_ws/install/my_py_pkg/lib/python3.12/site-packages/my_py_pkg
[0.960s] byte-compiling /ros2_for_begginers/ros2_ws/install/my_py_pkg/lib/python3.12/site-packages/my_py_pkg/my_first_node.py to my_first_node.cpython-312.pyc
[0.961s] running install_data
[0.961s] running install_egg_info
[0.976s] removing '/ros2_for_begginers/ros2_ws/install/my_py_pkg/lib/python3.12/site-packages/my_py_pkg-0.0.0-py3.12.egg-info' (and everything under it)
[0.977s] Copying ../../build/my_py_pkg/my_py_pkg.egg-info to /ros2_for_begginers/ros2_ws/install/my_py_pkg/lib/python3.12/site-packages/my_py_pkg-0.0.0-py3.12.egg-info
[0.977s] running install_scripts
[1.080s] Installing py_node script to /ros2_for_begginers/ros2_ws/install/my_py_pkg/lib/my_py_pkg
[1.080s] writing list of installed files to '/ros2_for_begginers/ros2_ws/build/my_py_pkg/install.log'
[1.111s] Invoked command in '/ros2_for_begginers/ros2_ws/src/my_py_pkg' returned '0': PYTHONPATH=/ros2_for_begginers/ros2_ws/build/my_py_pkg/prefix_override:/usr/lib/python3/dist-packages/colcon_core/task/python/colcon_distutils_commands:/ros2_for_begginers/ros2_ws/install/my_py_pkg/lib/python3.12/site-packages:${PYTHONPATH} /usr/bin/python3 -W ignore:setup.py install is deprecated -W ignore:easy_install command is deprecated setup.py egg_info --egg-base ../../build/my_py_pkg build --build-base /ros2_for_begginers/ros2_ws/build/my_py_pkg/build install --record /ros2_for_begginers/ros2_ws/build/my_py_pkg/install.log --single-version-externally-managed install_data
