[0.006s] Invoking command in '/ros2_for_begginers/ros2_ws/src/build/my_cpp_pkg': CMAKE_PREFIX_PATH=${CMAKE_PREFIX_PATH}:/opt/ros/jazzy /usr/bin/cmake /ros2_for_begginers/ros2_ws/src/my_cpp_pkg -DCMAKE_INSTALL_PREFIX=/ros2_for_begginers/ros2_ws/src/install/my_cpp_pkg
[0.045s] -- The C compiler identification is GNU 13.3.0
[0.077s] -- The CXX compiler identification is GNU 13.3.0
[0.086s] -- Detecting C compiler ABI info
[0.135s] -- Detecting C compiler ABI info - done
[0.141s] -- Check for working C compiler: /usr/bin/cc - skipped
[0.141s] -- Detecting C compile features
[0.142s] -- Detecting C compile features - done
[0.147s] -- Detecting CXX compiler ABI info
[0.200s] -- Detecting CXX compiler ABI info - done
[0.206s] -- Check for working CXX compiler: /usr/bin/c++ - skipped
[0.206s] -- Detecting CXX compile features
[0.206s] -- Detecting CXX compile features - done
[0.208s] -- Found ament_cmake: 2.5.4 (/opt/ros/jazzy/share/ament_cmake/cmake)
[0.290s] -- Found Python3: /usr/bin/python3 (found version "3.12.3") found components: Interpreter 
[0.353s] -- Found rclcpp: 28.1.12 (/opt/ros/jazzy/share/rclcpp/cmake)
[0.376s] -- Found rosidl_generator_c: 4.6.6 (/opt/ros/jazzy/share/rosidl_generator_c/cmake)
[0.384s] -- Found rosidl_generator_cpp: 4.6.6 (/opt/ros/jazzy/share/rosidl_generator_cpp/cmake)
[0.394s] -- Using all available rosidl_typesupport_c: rosidl_typesupport_fastrtps_c;rosidl_typesupport_introspection_c
[0.404s] -- Using all available rosidl_typesupport_cpp: rosidl_typesupport_fastrtps_cpp;rosidl_typesupport_introspection_cpp
[0.447s] -- Found rmw_implementation_cmake: 7.3.2 (/opt/ros/jazzy/share/rmw_implementation_cmake/cmake)
[0.448s] -- Found rmw_fastrtps_cpp: 8.4.3 (/opt/ros/jazzy/share/rmw_fastrtps_cpp/cmake)
[0.496s] -- Found OpenSSL: /usr/lib/x86_64-linux-gnu/libcrypto.so (found version "3.0.13")  
[0.507s] -- Found FastRTPS: /opt/ros/jazzy/include (Required is at least version "2.13") 
[0.519s] -- Using RMW implementation 'rmw_fastrtps_cpp' as default
[0.554s] -- Found ament_lint_auto: 0.17.3 (/opt/ros/jazzy/share/ament_lint_auto/cmake)
[0.614s] -- Added test 'lint_cmake' to check CMake code style
[0.615s] -- Added test 'xmllint' to check XML markup files
[0.615s] -- Configuring done (0.6s)
[0.618s] -- Generating done (0.0s)
[0.619s] -- Build files have been written to: /ros2_for_begginers/ros2_ws/src/build/my_cpp_pkg
[0.624s] Invoked command in '/ros2_for_begginers/ros2_ws/src/build/my_cpp_pkg' returned '0': CMAKE_PREFIX_PATH=${CMAKE_PREFIX_PATH}:/opt/ros/jazzy /usr/bin/cmake /ros2_for_begginers/ros2_ws/src/my_cpp_pkg -DCMAKE_INSTALL_PREFIX=/ros2_for_begginers/ros2_ws/src/install/my_cpp_pkg
[0.624s] Invoking command in '/ros2_for_begginers/ros2_ws/src/build/my_cpp_pkg': CMAKE_PREFIX_PATH=${CMAKE_PREFIX_PATH}:/opt/ros/jazzy /usr/bin/cmake --build /ros2_for_begginers/ros2_ws/src/build/my_cpp_pkg -- -j20 -l20
[0.649s] Invoked command in '/ros2_for_begginers/ros2_ws/src/build/my_cpp_pkg' returned '0': CMAKE_PREFIX_PATH=${CMAKE_PREFIX_PATH}:/opt/ros/jazzy /usr/bin/cmake --build /ros2_for_begginers/ros2_ws/src/build/my_cpp_pkg -- -j20 -l20
[0.654s] Invoking command in '/ros2_for_begginers/ros2_ws/src/build/my_cpp_pkg': CMAKE_PREFIX_PATH=${CMAKE_PREFIX_PATH}:/opt/ros/jazzy /usr/bin/cmake --install /ros2_for_begginers/ros2_ws/src/build/my_cpp_pkg
[0.658s] -- Install configuration: ""
[0.658s] -- Installing: /ros2_for_begginers/ros2_ws/src/install/my_cpp_pkg/share/ament_index/resource_index/package_run_dependencies/my_cpp_pkg
[0.658s] -- Installing: /ros2_for_begginers/ros2_ws/src/install/my_cpp_pkg/share/ament_index/resource_index/parent_prefix_path/my_cpp_pkg
[0.658s] -- Installing: /ros2_for_begginers/ros2_ws/src/install/my_cpp_pkg/share/my_cpp_pkg/environment/ament_prefix_path.sh
[0.658s] -- Installing: /ros2_for_begginers/ros2_ws/src/install/my_cpp_pkg/share/my_cpp_pkg/environment/ament_prefix_path.dsv
[0.658s] -- Installing: /ros2_for_begginers/ros2_ws/src/install/my_cpp_pkg/share/my_cpp_pkg/environment/path.sh
[0.659s] -- Installing: /ros2_for_begginers/ros2_ws/src/install/my_cpp_pkg/share/my_cpp_pkg/environment/path.dsv
[0.659s] -- Installing: /ros2_for_begginers/ros2_ws/src/install/my_cpp_pkg/share/my_cpp_pkg/local_setup.bash
[0.659s] -- Installing: /ros2_for_begginers/ros2_ws/src/install/my_cpp_pkg/share/my_cpp_pkg/local_setup.sh
[0.659s] -- Installing: /ros2_for_begginers/ros2_ws/src/install/my_cpp_pkg/share/my_cpp_pkg/local_setup.zsh
[0.659s] -- Installing: /ros2_for_begginers/ros2_ws/src/install/my_cpp_pkg/share/my_cpp_pkg/local_setup.dsv
[0.659s] -- Installing: /ros2_for_begginers/ros2_ws/src/install/my_cpp_pkg/share/my_cpp_pkg/package.dsv
[0.659s] -- Installing: /ros2_for_begginers/ros2_ws/src/install/my_cpp_pkg/share/ament_index/resource_index/packages/my_cpp_pkg
[0.659s] -- Installing: /ros2_for_begginers/ros2_ws/src/install/my_cpp_pkg/share/my_cpp_pkg/cmake/my_cpp_pkgConfig.cmake
[0.659s] -- Installing: /ros2_for_begginers/ros2_ws/src/install/my_cpp_pkg/share/my_cpp_pkg/cmake/my_cpp_pkgConfig-version.cmake
[0.659s] -- Installing: /ros2_for_begginers/ros2_ws/src/install/my_cpp_pkg/share/my_cpp_pkg/package.xml
[0.660s] Invoked command in '/ros2_for_begginers/ros2_ws/src/build/my_cpp_pkg' returned '0': CMAKE_PREFIX_PATH=${CMAKE_PREFIX_PATH}:/opt/ros/jazzy /usr/bin/cmake --install /ros2_for_begginers/ros2_ws/src/build/my_cpp_pkg
