[0.315s] Invoking command in '/ros2_for_begginers/ros2_ws/build/my_py_pkg': PYTHONPATH=/ros2_for_begginers/ros2_ws/build/my_py_pkg/prefix_override:/usr/lib/python3/dist-packages/colcon_core/task/python/colcon_distutils_commands:/ros2_for_begginers/ros2_ws/install/my_py_pkg/lib/python3.12/site-packages:${PYTHONPATH} /usr/bin/python3 -W ignore:setup.py install is deprecated -W ignore:easy_install command is deprecated setup.py develop --uninstall --editable --build-directory /ros2_for_begginers/ros2_ws/build/my_py_pkg/build
[0.442s] running develop
[0.499s] Removing /ros2_for_begginers/ros2_ws/install/my_py_pkg/lib/python3.12/site-packages/my-py-pkg.egg-link (link to .)
[0.513s] Invoked command in '/ros2_for_begginers/ros2_ws/build/my_py_pkg' returned '0': PYTHONPATH=/ros2_for_begginers/ros2_ws/build/my_py_pkg/prefix_override:/usr/lib/python3/dist-packages/colcon_core/task/python/colcon_distutils_commands:/ros2_for_begginers/ros2_ws/install/my_py_pkg/lib/python3.12/site-packages:${PYTHONPATH} /usr/bin/python3 -W ignore:setup.py install is deprecated -W ignore:easy_install command is deprecated setup.py develop --uninstall --editable --build-directory /ros2_for_begginers/ros2_ws/build/my_py_pkg/build
[0.514s] Invoking command in '/ros2_for_begginers/ros2_ws/src/my_py_pkg': PYTHONPATH=/ros2_for_begginers/ros2_ws/build/my_py_pkg/prefix_override:/usr/lib/python3/dist-packages/colcon_core/task/python/colcon_distutils_commands:/ros2_for_begginers/ros2_ws/install/my_py_pkg/lib/python3.12/site-packages:${PYTHONPATH} /usr/bin/python3 -W ignore:setup.py install is deprecated -W ignore:easy_install command is deprecated setup.py egg_info --egg-base ../../build/my_py_pkg build --build-base /ros2_for_begginers/ros2_ws/build/my_py_pkg/build install --record /ros2_for_begginers/ros2_ws/build/my_py_pkg/install.log --single-version-externally-managed install_data --force
[0.623s] running egg_info
[0.628s] writing ../../build/my_py_pkg/my_py_pkg.egg-info/PKG-INFO
[0.629s] writing dependency_links to ../../build/my_py_pkg/my_py_pkg.egg-info/dependency_links.txt
[0.629s] writing entry points to ../../build/my_py_pkg/my_py_pkg.egg-info/entry_points.txt
[0.629s] writing requirements to ../../build/my_py_pkg/my_py_pkg.egg-info/requires.txt
[0.629s] writing top-level names to ../../build/my_py_pkg/my_py_pkg.egg-info/top_level.txt
[0.639s] reading manifest file '../../build/my_py_pkg/my_py_pkg.egg-info/SOURCES.txt'
[0.639s] writing manifest file '../../build/my_py_pkg/my_py_pkg.egg-info/SOURCES.txt'
[0.640s] running build
[0.640s] running build_py
[0.640s] copying my_py_pkg/my_first_node.py -> /ros2_for_begginers/ros2_ws/build/my_py_pkg/build/lib/my_py_pkg
[0.640s] running install
[0.642s] running install_lib
[0.648s] creating /ros2_for_begginers/ros2_ws/install/my_py_pkg/lib/python3.12/site-packages/my_py_pkg
[0.648s] copying /ros2_for_begginers/ros2_ws/build/my_py_pkg/build/lib/my_py_pkg/my_first_node.py -> /ros2_for_begginers/ros2_ws/install/my_py_pkg/lib/python3.12/site-packages/my_py_pkg
[0.648s] copying /ros2_for_begginers/ros2_ws/build/my_py_pkg/build/lib/my_py_pkg/__init__.py -> /ros2_for_begginers/ros2_ws/install/my_py_pkg/lib/python3.12/site-packages/my_py_pkg
[0.649s] byte-compiling /ros2_for_begginers/ros2_ws/install/my_py_pkg/lib/python3.12/site-packages/my_py_pkg/my_first_node.py to my_first_node.cpython-312.pyc
[0.649s] byte-compiling /ros2_for_begginers/ros2_ws/install/my_py_pkg/lib/python3.12/site-packages/my_py_pkg/__init__.py to __init__.cpython-312.pyc
[0.649s] running install_data
[0.649s] copying resource/my_py_pkg -> /ros2_for_begginers/ros2_ws/install/my_py_pkg/share/ament_index/resource_index/packages
[0.649s] copying package.xml -> /ros2_for_begginers/ros2_ws/install/my_py_pkg/share/my_py_pkg
[0.649s] running install_egg_info
[0.654s] Copying ../../build/my_py_pkg/my_py_pkg.egg-info to /ros2_for_begginers/ros2_ws/install/my_py_pkg/lib/python3.12/site-packages/my_py_pkg-0.0.0-py3.12.egg-info
[0.655s] running install_scripts
[0.698s] Installing py_node script to /ros2_for_begginers/ros2_ws/install/my_py_pkg/lib/my_py_pkg
[0.699s] writing list of installed files to '/ros2_for_begginers/ros2_ws/build/my_py_pkg/install.log'
[0.712s] Invoked command in '/ros2_for_begginers/ros2_ws/src/my_py_pkg' returned '0': PYTHONPATH=/ros2_for_begginers/ros2_ws/build/my_py_pkg/prefix_override:/usr/lib/python3/dist-packages/colcon_core/task/python/colcon_distutils_commands:/ros2_for_begginers/ros2_ws/install/my_py_pkg/lib/python3.12/site-packages:${PYTHONPATH} /usr/bin/python3 -W ignore:setup.py install is deprecated -W ignore:easy_install command is deprecated setup.py egg_info --egg-base ../../build/my_py_pkg build --build-base /ros2_for_begginers/ros2_ws/build/my_py_pkg/build install --record /ros2_for_begginers/ros2_ws/build/my_py_pkg/install.log --single-version-externally-managed install_data --force
