running develop
Removing /ros2_for_begginers/ros2_ws/install/my_py_pkg/lib/python3.12/site-packages/my-py-pkg.egg-link (link to .)
running egg_info
writing ../../build/my_py_pkg/my_py_pkg.egg-info/PKG-INFO
writing dependency_links to ../../build/my_py_pkg/my_py_pkg.egg-info/dependency_links.txt
writing entry points to ../../build/my_py_pkg/my_py_pkg.egg-info/entry_points.txt
writing requirements to ../../build/my_py_pkg/my_py_pkg.egg-info/requires.txt
writing top-level names to ../../build/my_py_pkg/my_py_pkg.egg-info/top_level.txt
reading manifest file '../../build/my_py_pkg/my_py_pkg.egg-info/SOURCES.txt'
writing manifest file '../../build/my_py_pkg/my_py_pkg.egg-info/SOURCES.txt'
running build
running build_py
copying my_py_pkg/smartphone.py -> /ros2_for_begginers/ros2_ws/build/my_py_pkg/build/lib/my_py_pkg
running install
running install_lib
creating /ros2_for_begginers/ros2_ws/install/my_py_pkg/lib/python3.12/site-packages/my_py_pkg
copying /ros2_for_begginers/ros2_ws/build/my_py_pkg/build/lib/my_py_pkg/robot_news_station.py -> /ros2_for_begginers/ros2_ws/install/my_py_pkg/lib/python3.12/site-packages/my_py_pkg
copying /ros2_for_begginers/ros2_ws/build/my_py_pkg/build/lib/my_py_pkg/smartphone.py -> /ros2_for_begginers/ros2_ws/install/my_py_pkg/lib/python3.12/site-packages/my_py_pkg
copying /ros2_for_begginers/ros2_ws/build/my_py_pkg/build/lib/my_py_pkg/my_first_node.py -> /ros2_for_begginers/ros2_ws/install/my_py_pkg/lib/python3.12/site-packages/my_py_pkg
copying /ros2_for_begginers/ros2_ws/build/my_py_pkg/build/lib/my_py_pkg/__init__.py -> /ros2_for_begginers/ros2_ws/install/my_py_pkg/lib/python3.12/site-packages/my_py_pkg
byte-compiling /ros2_for_begginers/ros2_ws/install/my_py_pkg/lib/python3.12/site-packages/my_py_pkg/robot_news_station.py to robot_news_station.cpython-312.pyc
byte-compiling /ros2_for_begginers/ros2_ws/install/my_py_pkg/lib/python3.12/site-packages/my_py_pkg/smartphone.py to smartphone.cpython-312.pyc
byte-compiling /ros2_for_begginers/ros2_ws/install/my_py_pkg/lib/python3.12/site-packages/my_py_pkg/my_first_node.py to my_first_node.cpython-312.pyc
byte-compiling /ros2_for_begginers/ros2_ws/install/my_py_pkg/lib/python3.12/site-packages/my_py_pkg/__init__.py to __init__.cpython-312.pyc
running install_data
copying resource/my_py_pkg -> /ros2_for_begginers/ros2_ws/install/my_py_pkg/share/ament_index/resource_index/packages
copying package.xml -> /ros2_for_begginers/ros2_ws/install/my_py_pkg/share/my_py_pkg
running install_egg_info
Copying ../../build/my_py_pkg/my_py_pkg.egg-info to /ros2_for_begginers/ros2_ws/install/my_py_pkg/lib/python3.12/site-packages/my_py_pkg-0.0.0-py3.12.egg-info
running install_scripts
Installing py_node script to /ros2_for_begginers/ros2_ws/install/my_py_pkg/lib/my_py_pkg
Installing robot_news_station script to /ros2_for_begginers/ros2_ws/install/my_py_pkg/lib/my_py_pkg
Installing smartphone script to /ros2_for_begginers/ros2_ws/install/my_py_pkg/lib/my_py_pkg
writing list of installed files to '/ros2_for_begginers/ros2_ws/build/my_py_pkg/install.log'
