[0.007s] Invoking command in '/ros2_for_begginers/ros2_ws/build/my_cpp_pkg': CMAKE_PREFIX_PATH=${CMAKE_PREFIX_PATH}:/opt/ros/jazzy /usr/bin/cmake --build /ros2_for_begginers/ros2_ws/build/my_cpp_pkg -- -j20 -l20
[0.086s] [100%] Built target cpp_node
[0.108s] Invoked command in '/ros2_for_begginers/ros2_ws/build/my_cpp_pkg' returned '0': CMAKE_PREFIX_PATH=${CMAKE_PREFIX_PATH}:/opt/ros/jazzy /usr/bin/cmake --build /ros2_for_begginers/ros2_ws/build/my_cpp_pkg -- -j20 -l20
[0.114s] Invoking command in '/ros2_for_begginers/ros2_ws/build/my_cpp_pkg': CMAKE_PREFIX_PATH=${CMAKE_PREFIX_PATH}:/opt/ros/jazzy /usr/bin/cmake --install /ros2_for_begginers/ros2_ws/build/my_cpp_pkg
[0.119s] -- Install configuration: ""
[0.119s] -- Up-to-date: /ros2_for_begginers/ros2_ws/install/my_cpp_pkg/lib/my_cpp_pkg/cpp_node
[0.119s] -- Up-to-date: /ros2_for_begginers/ros2_ws/install/my_cpp_pkg/share/ament_index/resource_index/package_run_dependencies/my_cpp_pkg
[0.119s] -- Up-to-date: /ros2_for_begginers/ros2_ws/install/my_cpp_pkg/share/ament_index/resource_index/parent_prefix_path/my_cpp_pkg
[0.119s] -- Up-to-date: /ros2_for_begginers/ros2_ws/install/my_cpp_pkg/share/my_cpp_pkg/environment/ament_prefix_path.sh
[0.120s] -- Up-to-date: /ros2_for_begginers/ros2_ws/install/my_cpp_pkg/share/my_cpp_pkg/environment/ament_prefix_path.dsv
[0.120s] -- Up-to-date: /ros2_for_begginers/ros2_ws/install/my_cpp_pkg/share/my_cpp_pkg/environment/path.sh
[0.120s] -- Up-to-date: /ros2_for_begginers/ros2_ws/install/my_cpp_pkg/share/my_cpp_pkg/environment/path.dsv
[0.120s] -- Up-to-date: /ros2_for_begginers/ros2_ws/install/my_cpp_pkg/share/my_cpp_pkg/local_setup.bash
[0.120s] -- Up-to-date: /ros2_for_begginers/ros2_ws/install/my_cpp_pkg/share/my_cpp_pkg/local_setup.sh
[0.120s] -- Up-to-date: /ros2_for_begginers/ros2_ws/install/my_cpp_pkg/share/my_cpp_pkg/local_setup.zsh
[0.120s] -- Up-to-date: /ros2_for_begginers/ros2_ws/install/my_cpp_pkg/share/my_cpp_pkg/local_setup.dsv
[0.120s] -- Installing: /ros2_for_begginers/ros2_ws/install/my_cpp_pkg/share/my_cpp_pkg/package.dsv
[0.120s] -- Up-to-date: /ros2_for_begginers/ros2_ws/install/my_cpp_pkg/share/ament_index/resource_index/packages/my_cpp_pkg
[0.120s] -- Up-to-date: /ros2_for_begginers/ros2_ws/install/my_cpp_pkg/share/my_cpp_pkg/cmake/my_cpp_pkgConfig.cmake
[0.120s] -- Up-to-date: /ros2_for_begginers/ros2_ws/install/my_cpp_pkg/share/my_cpp_pkg/cmake/my_cpp_pkgConfig-version.cmake
[0.120s] -- Up-to-date: /ros2_for_begginers/ros2_ws/install/my_cpp_pkg/share/my_cpp_pkg/package.xml
[0.121s] Invoked command in '/ros2_for_begginers/ros2_ws/build/my_cpp_pkg' returned '0': CMAKE_PREFIX_PATH=${CMAKE_PREFIX_PATH}:/opt/ros/jazzy /usr/bin/cmake --install /ros2_for_begginers/ros2_ws/build/my_cpp_pkg
