[0.015s] Invoking command in '/ros2_for_begginers/ros2_ws/build/my_cpp_pkg': CMAKE_PREFIX_PATH=${CMAKE_PREFIX_PATH}:/opt/ros/jazzy /usr/bin/cmake --build /ros2_for_begginers/ros2_ws/build/my_cpp_pkg -- -j64 -l64
[0.050s] -- Found ament_cmake: 2.5.4 (/opt/ros/jazzy/share/ament_cmake/cmake)
[0.288s] -- Found rclcpp: 28.1.12 (/opt/ros/jazzy/share/rclcpp/cmake)
[0.315s] -- Found rosidl_generator_c: 4.6.6 (/opt/ros/jazzy/share/rosidl_generator_c/cmake)
[0.324s] -- Found rosidl_generator_cpp: 4.6.6 (/opt/ros/jazzy/share/rosidl_generator_cpp/cmake)
[0.336s] -- Using all available rosidl_typesupport_c: rosidl_typesupport_fastrtps_c;rosidl_typesupport_introspection_c
[0.350s] -- Using all available rosidl_typesupport_cpp: rosidl_typesupport_fastrtps_cpp;rosidl_typesupport_introspection_cpp
[0.417s] -- Found rmw_implementation_cmake: 7.3.2 (/opt/ros/jazzy/share/rmw_implementation_cmake/cmake)
[0.418s] -- Found rmw_fastrtps_cpp: 8.4.3 (/opt/ros/jazzy/share/rmw_fastrtps_cpp/cmake)
[0.496s] -- Using RMW implementation 'rmw_fastrtps_cpp' as default
[0.565s] -- Found ament_lint_auto: 0.17.3 (/opt/ros/jazzy/share/ament_lint_auto/cmake)
[0.672s] -- Added test 'lint_cmake' to check CMake code style
[0.673s] -- Added test 'xmllint' to check XML markup files
[0.674s] -- Configuring done (0.6s)
[0.679s] -- Generating done (0.0s)
[0.681s] -- Build files have been written to: /ros2_for_begginers/ros2_ws/build/my_cpp_pkg
[0.709s] Invoked command in '/ros2_for_begginers/ros2_ws/build/my_cpp_pkg' returned '0': CMAKE_PREFIX_PATH=${CMAKE_PREFIX_PATH}:/opt/ros/jazzy /usr/bin/cmake --build /ros2_for_begginers/ros2_ws/build/my_cpp_pkg -- -j64 -l64
[0.722s] Invoking command in '/ros2_for_begginers/ros2_ws/build/my_cpp_pkg': CMAKE_PREFIX_PATH=${CMAKE_PREFIX_PATH}:/opt/ros/jazzy /usr/bin/cmake --install /ros2_for_begginers/ros2_ws/build/my_cpp_pkg
[0.729s] -- Install configuration: ""
[0.729s] -- Up-to-date: /ros2_for_begginers/ros2_ws/install/my_cpp_pkg/share/ament_index/resource_index/package_run_dependencies/my_cpp_pkg
[0.729s] -- Up-to-date: /ros2_for_begginers/ros2_ws/install/my_cpp_pkg/share/ament_index/resource_index/parent_prefix_path/my_cpp_pkg
[0.729s] -- Installing: /ros2_for_begginers/ros2_ws/install/my_cpp_pkg/share/my_cpp_pkg/environment/ament_prefix_path.sh
[0.729s] -- Up-to-date: /ros2_for_begginers/ros2_ws/install/my_cpp_pkg/share/my_cpp_pkg/environment/ament_prefix_path.dsv
[0.729s] -- Installing: /ros2_for_begginers/ros2_ws/install/my_cpp_pkg/share/my_cpp_pkg/environment/path.sh
[0.729s] -- Up-to-date: /ros2_for_begginers/ros2_ws/install/my_cpp_pkg/share/my_cpp_pkg/environment/path.dsv
[0.729s] -- Up-to-date: /ros2_for_begginers/ros2_ws/install/my_cpp_pkg/share/my_cpp_pkg/local_setup.bash
[0.729s] -- Up-to-date: /ros2_for_begginers/ros2_ws/install/my_cpp_pkg/share/my_cpp_pkg/local_setup.sh
[0.730s] -- Up-to-date: /ros2_for_begginers/ros2_ws/install/my_cpp_pkg/share/my_cpp_pkg/local_setup.zsh
[0.730s] -- Up-to-date: /ros2_for_begginers/ros2_ws/install/my_cpp_pkg/share/my_cpp_pkg/local_setup.dsv
[0.730s] -- Up-to-date: /ros2_for_begginers/ros2_ws/install/my_cpp_pkg/share/my_cpp_pkg/package.dsv
[0.730s] -- Up-to-date: /ros2_for_begginers/ros2_ws/install/my_cpp_pkg/share/ament_index/resource_index/packages/my_cpp_pkg
[0.730s] -- Up-to-date: /ros2_for_begginers/ros2_ws/install/my_cpp_pkg/share/my_cpp_pkg/cmake/my_cpp_pkgConfig.cmake
[0.730s] -- Up-to-date: /ros2_for_begginers/ros2_ws/install/my_cpp_pkg/share/my_cpp_pkg/cmake/my_cpp_pkgConfig-version.cmake
[0.730s] -- Up-to-date: /ros2_for_begginers/ros2_ws/install/my_cpp_pkg/share/my_cpp_pkg/package.xml
[0.731s] Invoked command in '/ros2_for_begginers/ros2_ws/build/my_cpp_pkg' returned '0': CMAKE_PREFIX_PATH=${CMAKE_PREFIX_PATH}:/opt/ros/jazzy /usr/bin/cmake --install /ros2_for_begginers/ros2_ws/build/my_cpp_pkg
