[0.350s] Invoking command in '/ros2_for_begginers/ros2_ws/src/my_py_pkg': PYTHONPATH=/ros2_for_begginers/ros2_ws/build/my_py_pkg/prefix_override:/usr/lib/python3/dist-packages/colcon_core/task/python/colcon_distutils_commands:/ros2_for_begginers/ros2_ws/install/my_py_pkg/lib/python3.12/site-packages:${PYTHONPATH} /usr/bin/python3 -W ignore:setup.py install is deprecated -W ignore:easy_install command is deprecated setup.py egg_info --egg-base ../../build/my_py_pkg build --build-base /ros2_for_begginers/ros2_ws/build/my_py_pkg/build install --record /ros2_for_begginers/ros2_ws/build/my_py_pkg/install.log --single-version-externally-managed install_data
[0.457s] running egg_info
[0.457s] creating ../../build/my_py_pkg/my_py_pkg.egg-info
[0.463s] writing ../../build/my_py_pkg/my_py_pkg.egg-info/PKG-INFO
[0.463s] writing dependency_links to ../../build/my_py_pkg/my_py_pkg.egg-info/dependency_links.txt
[0.463s] writing requirements to ../../build/my_py_pkg/my_py_pkg.egg-info/requires.txt
[0.463s] writing top-level names to ../../build/my_py_pkg/my_py_pkg.egg-info/top_level.txt
[0.463s] writing manifest file '../../build/my_py_pkg/my_py_pkg.egg-info/SOURCES.txt'
[0.474s] reading manifest file '../../build/my_py_pkg/my_py_pkg.egg-info/SOURCES.txt'
[0.474s] writing manifest file '../../build/my_py_pkg/my_py_pkg.egg-info/SOURCES.txt'
[0.474s] running build
[0.474s] running build_py
[0.474s] creating /ros2_for_begginers/ros2_ws/build/my_py_pkg/build
[0.474s] creating /ros2_for_begginers/ros2_ws/build/my_py_pkg/build/lib
[0.474s] creating /ros2_for_begginers/ros2_ws/build/my_py_pkg/build/lib/my_py_pkg
[0.474s] copying my_py_pkg/__init__.py -> /ros2_for_begginers/ros2_ws/build/my_py_pkg/build/lib/my_py_pkg
[0.474s] running install
[0.477s] running install_lib
[0.483s] creating /ros2_for_begginers/ros2_ws/install/my_py_pkg/lib/python3.12/site-packages/my_py_pkg
[0.483s] copying /ros2_for_begginers/ros2_ws/build/my_py_pkg/build/lib/my_py_pkg/__init__.py -> /ros2_for_begginers/ros2_ws/install/my_py_pkg/lib/python3.12/site-packages/my_py_pkg
[0.483s] byte-compiling /ros2_for_begginers/ros2_ws/install/my_py_pkg/lib/python3.12/site-packages/my_py_pkg/__init__.py to __init__.cpython-312.pyc
[0.483s] running install_data
[0.483s] creating /ros2_for_begginers/ros2_ws/install/my_py_pkg/share/ament_index
[0.483s] creating /ros2_for_begginers/ros2_ws/install/my_py_pkg/share/ament_index/resource_index
[0.483s] creating /ros2_for_begginers/ros2_ws/install/my_py_pkg/share/ament_index/resource_index/packages
[0.484s] copying resource/my_py_pkg -> /ros2_for_begginers/ros2_ws/install/my_py_pkg/share/ament_index/resource_index/packages
[0.484s] copying package.xml -> /ros2_for_begginers/ros2_ws/install/my_py_pkg/share/my_py_pkg
[0.484s] running install_egg_info
[0.490s] Copying ../../build/my_py_pkg/my_py_pkg.egg-info to /ros2_for_begginers/ros2_ws/install/my_py_pkg/lib/python3.12/site-packages/my_py_pkg-0.0.0-py3.12.egg-info
[0.490s] running install_scripts
[0.536s] writing list of installed files to '/ros2_for_begginers/ros2_ws/build/my_py_pkg/install.log'
[0.550s] Invoked command in '/ros2_for_begginers/ros2_ws/src/my_py_pkg' returned '0': PYTHONPATH=/ros2_for_begginers/ros2_ws/build/my_py_pkg/prefix_override:/usr/lib/python3/dist-packages/colcon_core/task/python/colcon_distutils_commands:/ros2_for_begginers/ros2_ws/install/my_py_pkg/lib/python3.12/site-packages:${PYTHONPATH} /usr/bin/python3 -W ignore:setup.py install is deprecated -W ignore:easy_install command is deprecated setup.py egg_info --egg-base ../../build/my_py_pkg build --build-base /ros2_for_begginers/ros2_ws/build/my_py_pkg/build install --record /ros2_for_begginers/ros2_ws/build/my_py_pkg/install.log --single-version-externally-managed install_data
